<?xml version="1.0" encoding="UTF-8"?>
<testsuite xmlns:xsi="http://www.w3.org/2001/XMLSchema-instance" xsi:noNamespaceSchemaLocation="https://maven.apache.org/surefire/maven-surefire-plugin/xsd/surefire-test-report.xsd" version="3.0.2" name="MergeSortTest" time="0.06" tests="3" errors="0" skipped="0" failures="0">
  <properties>
[...]
</properties>
  <testcase name="testSingleElement" classname="MergeSortTest" time="0.031"/>
  <testcase name="testEmptyArray" classname="MergeSortTest" time="0.002"/>
  <testcase name="testSortBasic" classname="MergeSortTest" time="0.001"/>
</testsuite>